Added Pin To Net: NetName=GND Pin=C0-1
Added Pin To Net: NetName=5V Pin=C0-2
Added Pin To Net: NetName=5V Pin=C3.3_IN-1
Added Pin To Net: NetName=GND Pin=C3.3_IN-2
Added Pin To Net: NetName=3.3V Pin=C3.3_OUT-1
Added Pin To Net: NetName=GND Pin=C3.3_OUT-2
Added Pin To Net: NetName=12V Pin=C5_IN-1
Added Pin To Net: NetName=GND Pin=C5_IN-2
Added Pin To Net: NetName=5V Pin=C5_OUT-1
Added Pin To Net: NetName=GND Pin=C5_OUT-2
Added Pin To Net: NetName=NetC_G1_1 Pin=C_G1-1
Added Pin To Net: NetName=NetC_G1_2 Pin=C_G1-2
Added Pin To Net: NetName=NetC_G2_1 Pin=C_G2-1
Added Pin To Net: NetName=NetC_G2_2 Pin=C_G2-2
Added Pin To Net: NetName=GND Pin=C_G3-1
Added Pin To Net: NetName=3.3V Pin=C_G3-2
Added Pin To Net: NetName=GND Pin=C_G4-1
Added Pin To Net: NetName=NetC_G4_2 Pin=C_G4-2
Added Pin To Net: NetName=GND Pin=C_G5-1
Added Pin To Net: NetName=NetC_G5_2 Pin=C_G5-2
Added Pin To Net: NetName=NetC_I1_1 Pin=C_I1-1
Added Pin To Net: NetName=NetC_I1_2 Pin=C_I1-2
Added Pin To Net: NetName=NetC_I2_1 Pin=C_I2-1
Added Pin To Net: NetName=NetC_I2_2 Pin=C_I2-2
Added Pin To Net: NetName=NetC_I3_1 Pin=C_I3-1
Added Pin To Net: NetName=5V Pin=C_I3-2
Added Pin To Net: NetName=5V Pin=C_I4-1
Added Pin To Net: NetName=GND Pin=C_I4-2
Added Pin To Net: NetName=GND Pin=C_I5-1
Added Pin To Net: NetName=NetC_I5_2 Pin=C_I5-2
Added Pin To Net: NetName=GND Pin=C_IMU2-1
Added Pin To Net: NetName=5V Pin=C_IMU2-2
Added Pin To Net: NetName=GND Pin=C_IMU3-1
Added Pin To Net: NetName=5V Pin=C_IMU3-2
Added Pin To Net: NetName=GND Pin=C_IMU-1
Added Pin To Net: NetName=5V Pin=C_IMU-2
Added Pin To Net: NetName=12V Pin=C_PWR-1
Added Pin To Net: NetName=GND Pin=C_PWR-2
Added Pin To Net: NetName=GND Pin=C_RESET-1
Added Pin To Net: NetName=GPS_RESETIN Pin=C_RESET-2
Added Pin To Net: NetName=PWR_SW_2 Pin=CSW-1
Added Pin To Net: NetName=GND Pin=CSW-2
Added Pin To Net: NetName=GPS_EVENT1 Pin=EVENT-1
Added Pin To Net: NetName=GPS_EVENT2 Pin=EVENT-2
Added Pin To Net: NetName=12V Pin=GPS-1
Added Pin To Net: NetName=3.3V Pin=GPS-2
Added Pin To Net: NetName=GPS_USB_D- Pin=GPS-3
Added Pin To Net: NetName=GPS_USB_D+ Pin=GPS-4
Added Pin To Net: NetName=GPS_RESETIN Pin=GPS-5
Added Pin To Net: NetName=GPS_VARF Pin=GPS-6
Added Pin To Net: NetName=GPS_EVENT2 Pin=GPS-7
Added Pin To Net: NetName=GPS_CAN2_RX Pin=GPS-8
Added Pin To Net: NetName=GPS_EVENT1 Pin=GPS-9
Added Pin To Net: NetName=GND Pin=GPS-10
Added Pin To Net: NetName=GPS_COM1_TX Pin=GPS-11
Added Pin To Net: NetName=GPS_COM1_RX Pin=GPS-12
Added Pin To Net: NetName=GND Pin=GPS-13
Added Pin To Net: NetName=GPS_COM2_TX Pin=GPS-14
Added Pin To Net: NetName=GPS_COM2_RX Pin=GPS-15
Added Pin To Net: NetName=GND Pin=GPS-16
Added Pin To Net: NetName=GPS_PV Pin=GPS-17
Added Pin To Net: NetName=GND Pin=GPS-18
Added Pin To Net: NetName=GPS_PPS Pin=GPS-19
Added Pin To Net: NetName=GPS_CAN2_TX Pin=GPS-20
Added Pin To Net: NetName=J1_TX Pin=GPS_CH1-1
Added Pin To Net: NetName=J1_RX Pin=GPS_CH1-2
Added Pin To Net: NetName=GND Pin=GPS_CH1-3
Added Pin To Net: NetName=J2_TX Pin=GPS_CH2-1
Added Pin To Net: NetName=J2_RX Pin=GPS_CH2-2
Added Pin To Net: NetName=GND Pin=GPS_CH2-3
Added Pin To Net: NetName=NetC_G1_2 Pin=GPS_MAX3232-1
Added Pin To Net: NetName=NetC_G4_2 Pin=GPS_MAX3232-2
Added Pin To Net: NetName=NetC_G1_1 Pin=GPS_MAX3232-3
Added Pin To Net: NetName=NetC_G2_2 Pin=GPS_MAX3232-4
Added Pin To Net: NetName=NetC_G2_1 Pin=GPS_MAX3232-5
Added Pin To Net: NetName=NetC_G5_2 Pin=GPS_MAX3232-6
Added Pin To Net: NetName=J2_RX Pin=GPS_MAX3232-7
Added Pin To Net: NetName=J2_TX Pin=GPS_MAX3232-8
Added Pin To Net: NetName=GPS_COM2_RX Pin=GPS_MAX3232-9
Added Pin To Net: NetName=GPS_COM2_TX Pin=GPS_MAX3232-10
Added Pin To Net: NetName=GPS_COM1_TX Pin=GPS_MAX3232-11
Added Pin To Net: NetName=GPS_COM1_RX Pin=GPS_MAX3232-12
Added Pin To Net: NetName=J1_TX Pin=GPS_MAX3232-13
Added Pin To Net: NetName=J1_RX Pin=GPS_MAX3232-14
Added Pin To Net: NetName=GND Pin=GPS_MAX3232-15
Added Pin To Net: NetName=3.3V Pin=GPS_MAX3232-16
Added Pin To Net: NetName=5V Pin=IMU-1
Added Pin To Net: NetName=GND Pin=IMU-2
Added Pin To Net: NetName=IMU_HRS_A Pin=IMU-3
Added Pin To Net: NetName=IMU_HRS_B Pin=IMU-4
Added Pin To Net: NetName=NetC_I1_1 Pin=IMU_MAX232-1
Added Pin To Net: NetName=NetC_I3_1 Pin=IMU_MAX232-2
Added Pin To Net: NetName=NetC_I1_2 Pin=IMU_MAX232-3
Added Pin To Net: NetName=NetC_I2_1 Pin=IMU_MAX232-4
Added Pin To Net: NetName=NetC_I2_2 Pin=IMU_MAX232-5
Added Pin To Net: NetName=NetC_I5_2 Pin=IMU_MAX232-6
Added Pin To Net: NetName=IMU_TX Pin=IMU_MAX232-11
Added Pin To Net: NetName=J3_RX Pin=IMU_MAX232-14
Added Pin To Net: NetName=GND Pin=IMU_MAX232-15
Added Pin To Net: NetName=5V Pin=IMU_MAX232-16
Added Pin To Net: NetName=J3_RX Pin=IMU_OUT-2
Added Pin To Net: NetName=GND Pin=IMU_OUT-3
Added Pin To Net: NetName=12V Pin=L7805-1
Added Pin To Net: NetName=5V Pin=L7805-2
Added Pin To Net: NetName=GND Pin=L7805-3
Added Pin To Net: NetName=GND Pin=LD33-1
Added Pin To Net: NetName=3.3V Pin=LD33-2
Added Pin To Net: NetName=5V Pin=LD33-3
Added Pin To Net: NetName=NetPV_LED_1 Pin=PV_LED-1
Added Pin To Net: NetName=GND Pin=PV_LED-2
Added Pin To Net: NetName=NetPV_LED_1 Pin=PV_R-1
Added Pin To Net: NetName=GPS_PV Pin=PV_R-2
Added Pin To Net: NetName=12V Pin=PWR-1
Added Pin To Net: NetName=PWR_SW_2 Pin=PWR-2
Added Pin To Net: NetName=12V Pin=PWR-3
Added Pin To Net: NetName=NetPWR_LED_1 Pin=PWR_LED-1
Added Pin To Net: NetName=GND Pin=PWR_LED-2
Added Pin To Net: NetName=NetPWR_LED_1 Pin=PWR_R-1
Added Pin To Net: NetName=3.3V Pin=PWR_R-2
Added Pin To Net: NetName=PWR_SW_2 Pin=PWR_SW-1
Added Pin To Net: NetName=GND Pin=PWR_SW-2
Added Pin To Net: NetName=GPS_RESETIN Pin=RESET-1
Added Pin To Net: NetName=GND Pin=RESET-2
Added Pin To Net: NetName=GPS_RESETIN Pin=RESET_R-1
Added Pin To Net: NetName=3.3V Pin=RESET_R-2
Added Pin To Net: NetName=GND Pin=RESET_SW-1
Added Pin To Net: NetName=GND Pin=RESET_SW-1
Added Pin To Net: NetName=GPS_RESETIN Pin=RESET_SW-2
Added Pin To Net: NetName=GPS_RESETIN Pin=RESET_SW-2
Added Pin To Net: NetName=IMU_HRS_A Pin=RS422_R-1
Added Pin To Net: NetName=IMU_HRS_B Pin=RS422_R-2
Added Pin To Net: NetName=GPS_PV Pin=STROBES-1
Added Pin To Net: NetName=GPS_PPS Pin=STROBES-2
Added Pin To Net: NetName=GND Pin=USB-1
Added Pin To Net: NetName=GPS_USB_D+ Pin=USB-2
Added Pin To Net: NetName=GPS_USB_D- Pin=USB-3
Added Pin To Net: NetName=5V Pin=USB-4
Added Member To Class: ClassName=schematic Member=Component C0 100nF
Added Member To Class: ClassName=schematic Member=Component C3.3_IN 100nF
Added Member To Class: ClassName=schematic Member=Component C3.3_OUT 10uF
Added Member To Class: ClassName=schematic Member=Component C5_IN 100nF
Added Member To Class: ClassName=schematic Member=Component C5_OUT 10uF
Added Member To Class: ClassName=schematic Member=Component C_G1 100nF
Added Member To Class: ClassName=schematic Member=Component C_G2 100nF
Added Member To Class: ClassName=schematic Member=Component C_G3 100nF
Added Member To Class: ClassName=schematic Member=Component C_G4 100nF
Added Member To Class: ClassName=schematic Member=Component C_G5 100nF
Added Member To Class: ClassName=schematic Member=Component C_I1 1uF
Added Member To Class: ClassName=schematic Member=Component C_I2 1uF
Added Member To Class: ClassName=schematic Member=Component C_I3 1uF
Added Member To Class: ClassName=schematic Member=Component C_I4 1uF
Added Member To Class: ClassName=schematic Member=Component C_I5 1uF
Added Member To Class: ClassName=schematic Member=Component C_IMU2 100nF
Added Member To Class: ClassName=schematic Member=Component C_IMU3 100nF
Added Member To Class: ClassName=schematic Member=Component C_IMU 100nF
Added Member To Class: ClassName=schematic Member=Component C_PWR 10uF
Added Member To Class: ClassName=schematic Member=Component C_RESET 100nF
Added Member To Class: ClassName=schematic Member=Component CSW 100nF
Added Member To Class: ClassName=schematic Member=Component EVENT Header 2
Added Member To Class: ClassName=schematic Member=Component GPS_CH1 MHDR1X3
Added Member To Class: ClassName=schematic Member=Component GPS_CH2 MHDR1X3
Added Member To Class: ClassName=schematic Member=Component GPS_MAX3232 MAX3232EEPE
Added Member To Class: ClassName=schematic Member=Component GPS Header 10X2
Added Member To Class: ClassName=schematic Member=Component IMU_MAX232 MAX232ACPE
Added Member To Class: ClassName=schematic Member=Component IMU_OUT MHDR1X3
Added Member To Class: ClassName=schematic Member=Component IMU Header 4
Added Member To Class: ClassName=schematic Member=Component L7805 L7805ACV
Added Member To Class: ClassName=schematic Member=Component LD33 LD33V
Added Member To Class: ClassName=schematic Member=Component PV_LED PV
Added Member To Class: ClassName=schematic Member=Component PV_R 180
Added Member To Class: ClassName=schematic Member=Component PWR_LED PWR
Added Member To Class: ClassName=schematic Member=Component PWR_R 180
Added Member To Class: ClassName=schematic Member=Component PWR_SW Header 2
Added Member To Class: ClassName=schematic Member=Component PWR Header 3
Added Member To Class: ClassName=schematic Member=Component RESET_R 4k7
Added Member To Class: ClassName=schematic Member=Component RESET_SW SW-PB
Added Member To Class: ClassName=schematic Member=Component RESET Header 2
Added Member To Class: ClassName=schematic Member=Component RS422_R 120
Added Member To Class: ClassName=schematic Member=Component STROBES Header 2
Added Member To Class: ClassName=schematic Member=Component USB Header 4
