Added Component: Designator=C3.3_IN(C_NANO_HOLES)
Added Component: Designator=C3.3_OUT(B)
Added Component: Designator=C5_IN(C_NANO_HOLES)
Added Component: Designator=C5_OUT(B)
Added Component: Designator=C_PWR(B)
Added Pin To Net: NetName=5V Pin=C3.3_IN-1
Added Pin To Net: NetName=GND Pin=C3.3_IN-2
Added Pin To Net: NetName=3.3V Pin=C3.3_OUT-1
Added Pin To Net: NetName=GND Pin=C3.3_OUT-2
Added Pin To Net: NetName=12V Pin=C5_IN-1
Added Pin To Net: NetName=GND Pin=C5_IN-2
Added Pin To Net: NetName=5V Pin=C5_OUT-1
Added Pin To Net: NetName=GND Pin=C5_OUT-2
Added Pin To Net: NetName=12V Pin=C_PWR-1
Added Pin To Net: NetName=GND Pin=C_PWR-2
Added Member To Class: ClassName=schematic Member=Component C3.3_IN Cap
Added Member To Class: ClassName=schematic Member=Component C3.3_OUT Cap Pol1
Added Member To Class: ClassName=schematic Member=Component C5_IN Cap
Added Member To Class: ClassName=schematic Member=Component C5_OUT Cap Pol1
Added Member To Class: ClassName=schematic Member=Component C_PWR Cap Pol1
