Removed Pin From Net: NetName=GPS_RESETIN Pin=GPS_PINS-1
Removed Pin From Net: NetName=GPS_USB_D+ Pin=GPS_PINS-2
Removed Pin From Net: NetName=GND Pin=GPS_PINS-3
Removed Pin From Net: NetName=GPS_USB_D- Pin=GPS_PINS-4
Removed Pin From Net: NetName=GPS_PV Pin=GPS_PINS-5
Removed Pin From Net: NetName=GPS_EVENT2 Pin=GPS_PINS-6
Removed Pin From Net: NetName=GPS_PPS Pin=GPS_PINS-7
Removed Pin From Net: NetName=GPS_EVENT1 Pin=GPS_PINS-8
Removed Pin From Net: NetName=GND Pin=GPS_PINS-9
Removed Pin From Net: NetName=GND Pin=GPS_PINS-10
Removed Member From Class: ClassName=schematic Member=GPS_PINS
Added Component: Designator=EVENT(HDR1X2)
Added Component: Designator=STROBES(HDR1X2)
Added Component: Designator=USB(HDR1X4)
Added Pin To Net: NetName=GPS_EVENT1 Pin=EVENT-1
Added Pin To Net: NetName=GPS_EVENT2 Pin=EVENT-2
Added Pin To Net: NetName=GPS_PV Pin=STROBES-1
Added Pin To Net: NetName=GPS_PPS Pin=STROBES-2
Added Pin To Net: NetName=GPS_USB_D+ Pin=USB-1
Added Pin To Net: NetName=GPS_USB_D- Pin=USB-2
Added Member To Class: ClassName=schematic Member=Component EVENT Header 2
Added Member To Class: ClassName=schematic Member=Component STROBES Header 2
Added Member To Class: ClassName=schematic Member=Component USB Header 4
