Removed Pin From Net: NetName=12V Pin=TEST_PORTS-1
Removed Pin From Net: NetName=6V Pin=TEST_PORTS-3
Removed Pin From Net: NetName=5V Pin=TEST_PORTS-5
Removed Pin From Net: NetName=3.3V Pin=TEST_PORTS-7
Removed Member From Class: ClassName=Sheet1 Member=TEST_PORTS
Added Component: Designator=TEST_PORT1(HDR1X4)
Add component. Clean all parameters for all variants
Add component (AddParameter): Name = "LatestRevisionDate"; Value = "17-Jul-2002"; VariantName = "[No Variations]"
Add component (AddParameter): Name = "LatestRevisionNote"; Value = "Re-released for DXP Platform."; VariantName = "[No Variations]"
Add component (AddParameter): Name = "Publisher"; Value = "Altium Limited"; VariantName = "[No Variations]"
Added Component: Designator=TEST_PORT2(HDR1X4)
Add component. Clean all parameters for all variants
Add component (AddParameter): Name = "LatestRevisionDate"; Value = "17-Jul-2002"; VariantName = "[No Variations]"
Add component (AddParameter): Name = "LatestRevisionNote"; Value = "Re-released for DXP Platform."; VariantName = "[No Variations]"
Add component (AddParameter): Name = "Publisher"; Value = "Altium Limited"; VariantName = "[No Variations]"
Added Pin To Net: NetName=12V Pin=TEST_PORT1-1
Added Pin To Net: NetName=6V Pin=TEST_PORT1-2
Added Pin To Net: NetName=5V Pin=TEST_PORT1-3
Added Pin To Net: NetName=3.3V Pin=TEST_PORT1-4
Added Pin To Net: NetName=12V Pin=TEST_PORT2-1
Added Pin To Net: NetName=6V Pin=TEST_PORT2-2
Added Pin To Net: NetName=5V Pin=TEST_PORT2-3
Added Pin To Net: NetName=3.3V Pin=TEST_PORT2-4
Added Member To Class: ClassName=Sheet1 Member=Component GPS_EXTRA EXTRA
Added Member To Class: ClassName=Sheet1 Member=Component TEST_PORT1 TEST1
Added Member To Class: ClassName=Sheet1 Member=Component TEST_PORT2 TEST2
