Removed Pin From Net: NetName=GND Pin=C_G3-1
Removed Pin From Net: NetName=3.3V Pin=C_G3-2
Removed Pin From Net: NetName=GND Pin=C_G4-1
Removed Pin From Net: NetName=GND Pin=C_G5-1
Removed Pin From Net: NetName=5V Pin=C_I3-2
Removed Pin From Net: NetName=5V Pin=C_I4-1
Removed Pin From Net: NetName=GND Pin=C_I4-2
Removed Pin From Net: NetName=GND Pin=C_I5-1
Removed Pin From Net: NetName=GPS_COM2_RX Pin=GPS_MAX3232-9
Removed Pin From Net: NetName=GPS_COM2_TX Pin=GPS_MAX3232-10
Removed Pin From Net: NetName=GPS_COM1_TX Pin=GPS_MAX3232-11
Removed Pin From Net: NetName=GPS_COM1_RX Pin=GPS_MAX3232-12
Removed Pin From Net: NetName=GND Pin=GPS_MAX3232-15
Removed Pin From Net: NetName=3.3V Pin=GPS_MAX3232-16
Removed Pin From Net: NetName=IMU_TX Pin=IMU_MAX232-11
Removed Pin From Net: NetName=GND Pin=IMU_MAX232-15
Removed Pin From Net: NetName=5V Pin=IMU_MAX232-16
Removed Pin From Net: NetName=SCL_MPU6050 Pin=P1-3
Removed Pin From Net: NetName=SDA_MPU6050 Pin=P1-4
Removed Member From Class: ClassName=Sheet1 Member=C_G1
Removed Member From Class: ClassName=Sheet1 Member=C_G2
Removed Member From Class: ClassName=Sheet1 Member=C_G3
Removed Member From Class: ClassName=Sheet1 Member=C_G4
Removed Member From Class: ClassName=Sheet1 Member=C_G5
Removed Member From Class: ClassName=Sheet1 Member=C_I1
Removed Member From Class: ClassName=Sheet1 Member=C_I2
Removed Member From Class: ClassName=Sheet1 Member=C_I3
Removed Member From Class: ClassName=Sheet1 Member=C_I4
Removed Member From Class: ClassName=Sheet1 Member=C_I5
Removed Member From Class: ClassName=Sheet1 Member=GPS_MAX3232
Removed Member From Class: ClassName=Sheet1 Member=IMU_MAX232
Removed Member From Class: ClassName=Sheet1 Member=P1
Added Pin To Net: NetName=GND Pin=STM32F103C8-2
Added Pin To Net: NetName=5V Pin=STM32F103C8-3
Added Pin To Net: NetName=SDA_MPU6050 Pin=STM32F103C8-6
Added Pin To Net: NetName=SCL_MPU6050 Pin=STM32F103C8-7
Added Pin To Net: NetName=GPS_COM1_RX Pin=STM32F103C8-14
Added Pin To Net: NetName=GPS_COM1_TX Pin=STM32F103C8-15
Added Pin To Net: NetName=GPS_COM2_TX Pin=STM32F103C8-27
Added Pin To Net: NetName=GPS_COM2_RX Pin=STM32F103C8-28
Added Pin To Net: NetName=IMU_TX Pin=STM32F103C8-35
Added Pin To Net: NetName=GND Pin=STM32F103C8-39
Added Pin To Net: NetName=GND Pin=STM32F103C8-40
