Added Component: Designator=C5_OUT(RB7.6-15)
Add component. Clean all parameters for all variants
Add component (AddParameter): Name = "LatestRevisionDate"; Value = "17-Jul-2002"; VariantName = "[No Variations]"
Add component (AddParameter): Name = "LatestRevisionNote"; Value = "Re-released for DXP Platform."; VariantName = "[No Variations]"
Add component (AddParameter): Name = "PackageDescription"; Value = "Polarized Capacitor (Radial); 2 Leads"; VariantName = "[No Variations]"
Add component (AddParameter): Name = "PackageReference"; Value = "RB7.6-15"; VariantName = "[No Variations]"
Add component (AddParameter): Name = "Published"; Value = "8-Jun-2000"; VariantName = "[No Variations]"
Add component (AddParameter): Name = "Publisher"; Value = "Altium Limited"; VariantName = "[No Variations]"
Add component (AddParameter): Name = "Value"; Value = "10uF"; VariantName = "[No Variations]"
Added Component: Designator=C6_OUT(RB7.6-15)
Add component. Clean all parameters for all variants
Add component (AddParameter): Name = "LatestRevisionDate"; Value = "17-Jul-2002"; VariantName = "[No Variations]"
Add component (AddParameter): Name = "LatestRevisionNote"; Value = "Re-released for DXP Platform."; VariantName = "[No Variations]"
Add component (AddParameter): Name = "PackageDescription"; Value = "Polarized Capacitor (Radial); 2 Leads"; VariantName = "[No Variations]"
Add component (AddParameter): Name = "PackageReference"; Value = "RB7.6-15"; VariantName = "[No Variations]"
Add component (AddParameter): Name = "Published"; Value = "8-Jun-2000"; VariantName = "[No Variations]"
Add component (AddParameter): Name = "Publisher"; Value = "Altium Limited"; VariantName = "[No Variations]"
Add component (AddParameter): Name = "Value"; Value = "10uF"; VariantName = "[No Variations]"
Added Component: Designator=C33_OUT(RB7.6-15)
Add component. Clean all parameters for all variants
Add component (AddParameter): Name = "LatestRevisionDate"; Value = "17-Jul-2002"; VariantName = "[No Variations]"
Add component (AddParameter): Name = "LatestRevisionNote"; Value = "Re-released for DXP Platform."; VariantName = "[No Variations]"
Add component (AddParameter): Name = "PackageDescription"; Value = "Polarized Capacitor (Radial); 2 Leads"; VariantName = "[No Variations]"
Add component (AddParameter): Name = "PackageReference"; Value = "RB7.6-15"; VariantName = "[No Variations]"
Add component (AddParameter): Name = "Published"; Value = "8-Jun-2000"; VariantName = "[No Variations]"
Add component (AddParameter): Name = "Publisher"; Value = "Altium Limited"; VariantName = "[No Variations]"
Add component (AddParameter): Name = "Value"; Value = "10uF"; VariantName = "[No Variations]"
Added Component: Designator=GPS_MAX3232(PE16)
Add component. Clean all parameters for all variants
Add component (AddParameter): Name = "Code_JEDEC"; Value = "MS-001-BB"; VariantName = "[No Variations]"
Add component (AddParameter): Name = "ComponentLink1Description"; Value = "Manufacturer Link"; VariantName = "[No Variations]"
Add component (AddParameter): Name = "ComponentLink1URL"; Value = "http://www.maxim-ic.com/"; VariantName = "[No Variations]"
Add component (AddParameter): Name = "ComponentLink2Description"; Value = "Datasheet"; VariantName = "[No Variations]"
Add component (AddParameter): Name = "ComponentLink2URL"; Value = "http://pdfserv.maxim-ic.com/en/ds/MAX3222E-MAX3246E.pdf"; VariantName = "[No Variations]"
Add component (AddParameter): Name = "DatasheetVersion"; Value = "Mar-1999"; VariantName = "[No Variations]"
Add component (AddParameter): Name = "LatestRevisionDate"; Value = "29-May-2009"; VariantName = "[No Variations]"
Add component (AddParameter): Name = "LatestRevisionNote"; Value = "Component Body Added."; VariantName = "[No Variations]"
Add component (AddParameter): Name = "PackageDescription"; Value = "DIP, 16-Pin, Row Spacing 7.62 mm, Pitch 2.54 mm"; VariantName = "[No Variations]"
Add component (AddParameter): Name = "PackageReference"; Value = "PE16"; VariantName = "[No Variations]"
Add component (AddParameter): Name = "PackageVersion"; Value = "Aug-2000"; VariantName = "[No Variations]"
Add component (AddParameter): Name = "Published"; Value = "16-Jan-2001"; VariantName = "[No Variations]"
Add component (AddParameter): Name = "Publisher"; Value = "Altium Limited"; VariantName = "[No Variations]"
Added Pin To Net: NetName=5V Pin=C5_OUT-1
Added Pin To Net: NetName=GND Pin=C5_OUT-2
Added Pin To Net: NetName=6V Pin=C6_OUT-1
Added Pin To Net: NetName=NetC6_IN_2 Pin=C6_OUT-2
Added Pin To Net: NetName=3.3V Pin=C33_OUT-1
Added Pin To Net: NetName=GND Pin=C33_OUT-2
Added Pin To Net: NetName=NetC_G1_2 Pin=GPS_MAX3232-1
Added Pin To Net: NetName=NetC_G4_2 Pin=GPS_MAX3232-2
Added Pin To Net: NetName=NetC_G1_1 Pin=GPS_MAX3232-3
Added Pin To Net: NetName=NetC_G2_2 Pin=GPS_MAX3232-4
Added Pin To Net: NetName=NetC_G2_1 Pin=GPS_MAX3232-5
Added Pin To Net: NetName=NetC_G5_2 Pin=GPS_MAX3232-6
Added Pin To Net: NetName=J2_RX Pin=GPS_MAX3232-7
Added Pin To Net: NetName=J2_TX Pin=GPS_MAX3232-8
Added Pin To Net: NetName=GPS_COM2_RX Pin=GPS_MAX3232-9
Added Pin To Net: NetName=GPS_COM2_TX Pin=GPS_MAX3232-10
Added Pin To Net: NetName=GPS_COM1_TX Pin=GPS_MAX3232-11
Added Pin To Net: NetName=GPS_COM1_RX Pin=GPS_MAX3232-12
Added Pin To Net: NetName=J1_TX Pin=GPS_MAX3232-13
Added Pin To Net: NetName=J1_RX Pin=GPS_MAX3232-14
Added Pin To Net: NetName=GND Pin=GPS_MAX3232-15
Added Pin To Net: NetName=3.3V Pin=GPS_MAX3232-16
Added Member To Class: ClassName=Sheet1 Member=Component C5_OUT 10uF
Added Member To Class: ClassName=Sheet1 Member=Component C6_OUT 10uF
Added Member To Class: ClassName=Sheet1 Member=Component C33_OUT 10uF
Added Member To Class: ClassName=Sheet1 Member=Component GPS_MAX3232 MAX3232EEPE
