Added Component: Designator=DEBUG_PORTS(HDR1X4)
Add component. Clean all parameters for all variants
Add component (AddParameter): Name = "LatestRevisionDate"; Value = "17-Jul-2002"; VariantName = "[No Variations]"
Add component (AddParameter): Name = "LatestRevisionNote"; Value = "Re-released for DXP Platform."; VariantName = "[No Variations]"
Add component (AddParameter): Name = "Publisher"; Value = "Altium Limited"; VariantName = "[No Variations]"
Added Component: Designator=TEST_PORTS(HDR2X4)
Add component. Clean all parameters for all variants
Add component (AddParameter): Name = "LatestRevisionDate"; Value = "17-Jul-2002"; VariantName = "[No Variations]"
Add component (AddParameter): Name = "LatestRevisionNote"; Value = "Re-released for DXP Platform."; VariantName = "[No Variations]"
Add component (AddParameter): Name = "Publisher"; Value = "Altium Limited"; VariantName = "[No Variations]"
Added Pin To Net: NetName=GPS_COM2_RX Pin=DEBUG_PORTS-1
Added Pin To Net: NetName=GPS_COM2_TX Pin=DEBUG_PORTS-2
Added Pin To Net: NetName=GPS_COM1_RX Pin=DEBUG_PORTS-3
Added Pin To Net: NetName=GPS_COM1_TX Pin=DEBUG_PORTS-4
Added Pin To Net: NetName=12V Pin=TEST_PORTS-1
Added Pin To Net: NetName=6V Pin=TEST_PORTS-3
Added Pin To Net: NetName=5V Pin=TEST_PORTS-5
Added Pin To Net: NetName=3.3V Pin=TEST_PORTS-7
Added Member To Class: ClassName=Sheet1 Member=Component DEBUG_PORTS DEBUG
Added Member To Class: ClassName=Sheet1 Member=Component GPS Header 10X2
Added Member To Class: ClassName=Sheet1 Member=Component PWR_R 180
Added Member To Class: ClassName=Sheet1 Member=Component TEST_PORTS Header 4X2
