Added Component: Designator=C1(VP32-3.2)
Added Component: Designator=C2(VP32-3.2)
Added Component: Designator=C3(VP32-3.2)
Added Component: Designator=C4(VP32-3.2)
Added Component: Designator=C5(VP32-3.2)
Added Component: Designator=C6(VP32-3.2)
Added Component: Designator=C7(VP32-3.2)
Added Component: Designator=C8(VP32-3.2)
Added Component: Designator=C9(VP32-3.2)
Added Component: Designator=C10(VP32-3.2)
Added Component: Designator=C11(B)
Added Component: Designator=C12(B)
Added Component: Designator=C13(B)
Added Component: Designator=C14(B)
Added Component: Designator=C15(B)
Added Component: Designator=C16(B)
Added Component: Designator=C17(B)
Added Component: Designator=D0(DO-41)
Added Component: Designator=D1(B)
Added Component: Designator=D2(B)
Added Component: Designator=J0(DC_POWER)
Added Component: Designator=P1(HDR1X3)
Added Component: Designator=P2(HDR1X3)
Added Component: Designator=P3(HDR1X3)
Added Component: Designator=P4(HDR2X10)
Added Component: Designator=P5(HDR1X4)
Added Component: Designator=R1(AXIAL-0.3)
Added Component: Designator=R2(AXIAL-0.3)
Added Component: Designator=U1(TO220ABN)
Added Component: Designator=U2(T03B)
Added Component: Designator=U3(P008)
Added Component: Designator=U4(PE16)
Added Component: Designator=U5(PE16A)
Added Pin To Net: NetName=3.3V Pin=C8-2
Added Pin To Net: NetName=3.3V Pin=C17-1
Added Pin To Net: NetName=3.3V Pin=P4-2
Added Pin To Net: NetName=3.3V Pin=U2-2
Added Net: Name=3.3V
Added Pin To Net: NetName=5V Pin=C3-2
Added Pin To Net: NetName=5V Pin=C7-1
Added Pin To Net: NetName=5V Pin=C9-2
Added Pin To Net: NetName=5V Pin=C10-2
Added Pin To Net: NetName=5V Pin=C14-1
Added Pin To Net: NetName=5V Pin=C16-1
Added Pin To Net: NetName=5V Pin=P5-1
Added Pin To Net: NetName=5V Pin=R1-2
Added Pin To Net: NetName=5V Pin=U1-2
Added Pin To Net: NetName=5V Pin=U2-3
Added Pin To Net: NetName=5V Pin=U3-8
Added Pin To Net: NetName=5V Pin=U4-16
Added Pin To Net: NetName=5V Pin=U5-16
Added Net: Name=5V
Added Pin To Net: NetName=12V Pin=C6-1
Added Pin To Net: NetName=12V Pin=D0-2
Added Pin To Net: NetName=12V Pin=U1-1
Added Net: Name=12V
Added Pin To Net: NetName=GND Pin=C3-1
Added Pin To Net: NetName=GND Pin=C4-1
Added Pin To Net: NetName=GND Pin=C5-1
Added Pin To Net: NetName=GND Pin=C6-2
Added Pin To Net: NetName=GND Pin=C7-2
Added Pin To Net: NetName=GND Pin=C8-1
Added Pin To Net: NetName=GND Pin=C9-1
Added Pin To Net: NetName=GND Pin=C10-1
Added Pin To Net: NetName=GND Pin=C13-2
Added Pin To Net: NetName=GND Pin=C14-2
Added Pin To Net: NetName=GND Pin=C15-1
Added Pin To Net: NetName=GND Pin=C16-2
Added Pin To Net: NetName=GND Pin=C17-2
Added Pin To Net: NetName=GND Pin=D1-2
Added Pin To Net: NetName=GND Pin=D2-2
Added Pin To Net: NetName=GND Pin=J0-2
Added Pin To Net: NetName=GND Pin=J0-3
Added Pin To Net: NetName=GND Pin=P1-3
Added Pin To Net: NetName=GND Pin=P2-3
Added Pin To Net: NetName=GND Pin=P3-3
Added Pin To Net: NetName=GND Pin=P4-10
Added Pin To Net: NetName=GND Pin=P4-13
Added Pin To Net: NetName=GND Pin=P4-16
Added Pin To Net: NetName=GND Pin=P4-18
Added Pin To Net: NetName=GND Pin=P5-2
Added Pin To Net: NetName=GND Pin=U1-3
Added Pin To Net: NetName=GND Pin=U2-1
Added Pin To Net: NetName=GND Pin=U3-2
Added Pin To Net: NetName=GND Pin=U3-3
Added Pin To Net: NetName=GND Pin=U3-4
Added Pin To Net: NetName=GND Pin=U3-5
Added Pin To Net: NetName=GND Pin=U4-15
Added Pin To Net: NetName=GND Pin=U5-15
Added Net: Name=GND
Added Pin To Net: NetName=GPS_CAN2_RX Pin=P4-8
Added Net: Name=GPS_CAN2_RX
Added Pin To Net: NetName=GPS_CAN2_TX Pin=P4-20
Added Net: Name=GPS_CAN2_TX
Added Pin To Net: NetName=GPS_COM1_RX Pin=P4-12
Added Pin To Net: NetName=GPS_COM1_RX Pin=U4-12
Added Net: Name=GPS_COM1_RX
Added Pin To Net: NetName=GPS_COM1_TX Pin=P4-11
Added Pin To Net: NetName=GPS_COM1_TX Pin=U4-11
Added Net: Name=GPS_COM1_TX
Added Pin To Net: NetName=GPS_COM2_RX Pin=P4-15
Added Pin To Net: NetName=GPS_COM2_RX Pin=U4-9
Added Net: Name=GPS_COM2_RX
Added Pin To Net: NetName=GPS_COM2_TX Pin=P4-14
Added Pin To Net: NetName=GPS_COM2_TX Pin=U4-10
Added Net: Name=GPS_COM2_TX
Added Pin To Net: NetName=GPS_EVENT1 Pin=P4-9
Added Net: Name=GPS_EVENT1
Added Pin To Net: NetName=GPS_EVENT2 Pin=P4-7
Added Net: Name=GPS_EVENT2
Added Pin To Net: NetName=GPS_LNA_PWR Pin=P4-1
Added Net: Name=GPS_LNA_PWR
Added Pin To Net: NetName=GPS_PPS Pin=P4-19
Added Net: Name=GPS_PPS
Added Pin To Net: NetName=GPS_PV Pin=P4-17
Added Pin To Net: NetName=GPS_PV Pin=R2-2
Added Net: Name=GPS_PV
Added Pin To Net: NetName=GPS_RESETIN Pin=P4-5
Added Net: Name=GPS_RESETIN
Added Pin To Net: NetName=GPS_USB_D+ Pin=P4-4
Added Net: Name=GPS_USB_D+
Added Pin To Net: NetName=GPS_USB_D- Pin=P4-3
Added Net: Name=GPS_USB_D-
Added Pin To Net: NetName=GPS_VARF Pin=P4-6
Added Net: Name=GPS_VARF
Added Pin To Net: NetName=IMU_HRS_A Pin=P5-3
Added Pin To Net: NetName=IMU_HRS_A Pin=U3-6
Added Net: Name=IMU_HRS_A
Added Pin To Net: NetName=IMU_HRS_B Pin=P5-4
Added Pin To Net: NetName=IMU_HRS_B Pin=U3-7
Added Net: Name=IMU_HRS_B
Added Pin To Net: NetName=IMU_TX Pin=U3-1
Added Pin To Net: NetName=IMU_TX Pin=U5-11
Added Net: Name=IMU_TX
Added Pin To Net: NetName=J1_RX Pin=P1-2
Added Pin To Net: NetName=J1_RX Pin=U4-13
Added Net: Name=J1_RX
Added Pin To Net: NetName=J1_TX Pin=P1-1
Added Pin To Net: NetName=J1_TX Pin=U4-14
Added Net: Name=J1_TX
Added Pin To Net: NetName=J2_RX Pin=P2-2
Added Pin To Net: NetName=J2_RX Pin=U4-8
Added Net: Name=J2_RX
Added Pin To Net: NetName=J2_TX Pin=P2-1
Added Pin To Net: NetName=J2_TX Pin=U4-7
Added Net: Name=J2_TX
Added Pin To Net: NetName=J3_RX Pin=P3-2
Added Pin To Net: NetName=J3_RX Pin=U5-14
Added Net: Name=J3_RX
Added Pin To Net: NetName=NetC1_1 Pin=C1-1
Added Pin To Net: NetName=NetC1_1 Pin=U4-3
Added Net: Name=NetC1_1
Added Pin To Net: NetName=NetC1_2 Pin=C1-2
Added Pin To Net: NetName=NetC1_2 Pin=U4-1
Added Net: Name=NetC1_2
Added Pin To Net: NetName=NetC2_1 Pin=C2-1
Added Pin To Net: NetName=NetC2_1 Pin=U4-5
Added Net: Name=NetC2_1
Added Pin To Net: NetName=NetC2_2 Pin=C2-2
Added Pin To Net: NetName=NetC2_2 Pin=U4-4
Added Net: Name=NetC2_2
Added Pin To Net: NetName=NetC4_2 Pin=C4-2
Added Pin To Net: NetName=NetC4_2 Pin=U4-2
Added Net: Name=NetC4_2
Added Pin To Net: NetName=NetC5_2 Pin=C5-2
Added Pin To Net: NetName=NetC5_2 Pin=U4-6
Added Net: Name=NetC5_2
Added Pin To Net: NetName=NetC11_1 Pin=C11-1
Added Pin To Net: NetName=NetC11_1 Pin=U5-1
Added Net: Name=NetC11_1
Added Pin To Net: NetName=NetC11_2 Pin=C11-2
Added Pin To Net: NetName=NetC11_2 Pin=U5-3
Added Net: Name=NetC11_2
Added Pin To Net: NetName=NetC12_1 Pin=C12-1
Added Pin To Net: NetName=NetC12_1 Pin=U5-4
Added Net: Name=NetC12_1
Added Pin To Net: NetName=NetC12_2 Pin=C12-2
Added Pin To Net: NetName=NetC12_2 Pin=U5-5
Added Net: Name=NetC12_2
Added Pin To Net: NetName=NetC13_1 Pin=C13-1
Added Pin To Net: NetName=NetC13_1 Pin=U5-2
Added Net: Name=NetC13_1
Added Pin To Net: NetName=NetC15_2 Pin=C15-2
Added Pin To Net: NetName=NetC15_2 Pin=U5-6
Added Net: Name=NetC15_2
Added Pin To Net: NetName=NetD0_1 Pin=D0-1
Added Pin To Net: NetName=NetD0_1 Pin=J0-1
Added Net: Name=NetD0_1
Added Pin To Net: NetName=NetD1_1 Pin=D1-1
Added Pin To Net: NetName=NetD1_1 Pin=R1-1
Added Net: Name=NetD1_1
Added Pin To Net: NetName=NetD2_1 Pin=D2-1
Added Pin To Net: NetName=NetD2_1 Pin=R2-1
Added Net: Name=NetD2_1
Added Class: Name=schematic
Added Room: Name=schematic
