Change Component Designator: OldDesignator=C1 NewDesignator=C_G1
Change Component Designator: OldDesignator=C2 NewDesignator=C_G2
Change Component Designator: OldDesignator=C3 NewDesignator=C_G3
Change Component Designator: OldDesignator=C4 NewDesignator=C_G4
Change Component Designator: OldDesignator=C5 NewDesignator=C_G5
Change Component Designator: OldDesignator=C6 NewDesignator=C5_IN
Change Component Designator: OldDesignator=C7 NewDesignator=C3.3_IN
Change Component Designator: OldDesignator=C8 NewDesignator=C_GPS
Change Component Designator: OldDesignator=C9 NewDesignator=C_IMU
Change Component Designator: OldDesignator=C10 NewDesignator=C0
Change Component Designator: OldDesignator=C11 NewDesignator=C_I1
Change Component Designator: OldDesignator=C12 NewDesignator=C_I2
Change Component Designator: OldDesignator=C13 NewDesignator=C_I3
Change Component Designator: OldDesignator=C14 NewDesignator=C_I4
Change Component Designator: OldDesignator=C15 NewDesignator=C_I5
Change Component Designator: OldDesignator=C16 NewDesignator=C5_OUT
Change Component Designator: OldDesignator=C17 NewDesignator=C3.3_OUT
Change Component Designator: OldDesignator=D1 NewDesignator=PWR_LED
Change Component Designator: OldDesignator=D2 NewDesignator=PV_LED
Change Component Designator: OldDesignator=P1 NewDesignator=GPS_CH1
Change Component Designator: OldDesignator=P2 NewDesignator=GPS_CH2
Change Component Designator: OldDesignator=P3 NewDesignator=IMU_OUT
Change Component Designator: OldDesignator=P4 NewDesignator=GPS
Change Component Designator: OldDesignator=P5 NewDesignator=IMU
Change Component Designator: OldDesignator=POWER NewDesignator=PWR
Change Component Designator: OldDesignator=R1 NewDesignator=PWR_R
Change Component Designator: OldDesignator=R2 NewDesignator=PV_R
Change Component Designator: OldDesignator=U3 NewDesignator=IMU_SN75176
Change Component Designator: OldDesignator=U4 NewDesignator=GPS_MAX3232
Change Component Designator: OldDesignator=U5 NewDesignator=IMU_MAX232
Change Net Name : Old Net Name=NetC1_1 New Net Name=NetC_G1_1
Change Net Name : Old Net Name=NetC1_2 New Net Name=NetC_G1_2
Change Net Name : Old Net Name=NetC2_1 New Net Name=NetC_G2_1
Change Net Name : Old Net Name=NetC2_2 New Net Name=NetC_G2_2
Change Net Name : Old Net Name=NetC4_2 New Net Name=NetC_G4_2
Change Net Name : Old Net Name=NetC5_2 New Net Name=NetC_G5_2
Change Net Name : Old Net Name=NetC11_1 New Net Name=NetC_I1_1
Change Net Name : Old Net Name=NetC11_2 New Net Name=NetC_I1_2
Change Net Name : Old Net Name=NetC12_1 New Net Name=NetC_I2_1
Change Net Name : Old Net Name=NetC12_2 New Net Name=NetC_I2_2
Change Net Name : Old Net Name=NetC13_1 New Net Name=NetC_I3_1
Change Net Name : Old Net Name=NetC15_2 New Net Name=NetC_I5_2
Change Net Name : Old Net Name=NetD1_1 New Net Name=NetPWR_LED_1
Change Net Name : Old Net Name=NetD2_1 New Net Name=NetPV_LED_1
