Added Pin To Net: NetName=12V Pin=C1-1
Added Pin To Net: NetName=GND Pin=C1-2
Added Pin To Net: NetName=8V Pin=C2-1
Added Pin To Net: NetName=GND Pin=C2-2
Added Pin To Net: NetName=5V Pin=C3-1
Added Pin To Net: NetName=GND Pin=C3-2
Added Pin To Net: NetName=8V Pin=C4-1
Added Pin To Net: NetName=GND Pin=C4-2
Added Pin To Net: NetName=5V Pin=C5-1
Added Pin To Net: NetName=GND Pin=C5-2
Added Pin To Net: NetName=3.3V Pin=C6-1
Added Pin To Net: NetName=GND Pin=C6-2
Added Pin To Net: NetName=NetC11_1 Pin=C11-1
Added Pin To Net: NetName=NetC11_2 Pin=C11-2
Added Pin To Net: NetName=NetC12_1 Pin=C12-1
Added Pin To Net: NetName=NetC12_2 Pin=C12-2
Added Pin To Net: NetName=GND Pin=C13-1
Added Pin To Net: NetName=5V Pin=C13-2
Added Pin To Net: NetName=GND Pin=C14-1
Added Pin To Net: NetName=NetC14_2 Pin=C14-2
Added Pin To Net: NetName=GND Pin=C15-1
Added Pin To Net: NetName=NetC15_2 Pin=C15-2
Added Pin To Net: NetName=NetC16_1 Pin=C16-1
Added Pin To Net: NetName=NetC16_2 Pin=C16-2
Added Pin To Net: NetName=NetC17_1 Pin=C17-1
Added Pin To Net: NetName=NetC17_2 Pin=C17-2
Added Pin To Net: NetName=NetC18_1 Pin=C18-1
Added Pin To Net: NetName=GND Pin=C18-2
Added Pin To Net: NetName=5V Pin=C19-1
Added Pin To Net: NetName=GND Pin=C19-2
Added Pin To Net: NetName=GND Pin=C20-1
Added Pin To Net: NetName=NetC20_2 Pin=C20-2
Added Pin To Net: NetName=GND Pin=C21-1
Added Pin To Net: NetName=5V Pin=C21-2
Added Pin To Net: NetName=GND Pin=C22-1
Added Pin To Net: NetName=3.3V Pin=C22-2
Added Pin To Net: NetName=GND Pin=C23-1
Added Pin To Net: NetName=5V Pin=C23-2
Added Pin To Net: NetName=NetD1_1 Pin=D1-1
Added Pin To Net: NetName=12V Pin=D1-2
Added Pin To Net: NetName=NetD5_1 Pin=D5-1
Added Pin To Net: NetName=GND Pin=D5-2
Added Pin To Net: NetName=NetD1_1 Pin=J0-1
Added Pin To Net: NetName=GND Pin=J0-2
Added Pin To Net: NetName=GND Pin=J0-3
Added Pin To Net: NetName=GPS_LNA_PWR Pin=P0-1
Added Pin To Net: NetName=3.3V Pin=P0-2
Added Pin To Net: NetName=GPS_USB_D- Pin=P0-3
Added Pin To Net: NetName=GPS_USB_D+ Pin=P0-4
Added Pin To Net: NetName=GPS_RESETIN Pin=P0-5
Added Pin To Net: NetName=GPS_VARF Pin=P0-6
Added Pin To Net: NetName=GPS_EVENT2 Pin=P0-7
Added Pin To Net: NetName=GPS_CAN2_RX Pin=P0-8
Added Pin To Net: NetName=GPS_EVENT1 Pin=P0-9
Added Pin To Net: NetName=GND Pin=P0-10
Added Pin To Net: NetName=GPS_COM1_TX Pin=P0-11
Added Pin To Net: NetName=GPS_COM1_RX Pin=P0-12
Added Pin To Net: NetName=GND Pin=P0-13
Added Pin To Net: NetName=GPS_COM2_TX Pin=P0-14
Added Pin To Net: NetName=GPS_COM2_RX Pin=P0-15
Added Pin To Net: NetName=GND Pin=P0-16
Added Pin To Net: NetName=GPS_PV Pin=P0-17
Added Pin To Net: NetName=GND Pin=P0-18
Added Pin To Net: NetName=GPS_PPS Pin=P0-19
Added Pin To Net: NetName=GPS_CAN2_TX Pin=P0-20
Added Pin To Net: NetName=J1_TX Pin=P1-1
Added Pin To Net: NetName=J1_RX Pin=P1-2
Added Pin To Net: NetName=GND Pin=P1-3
Added Pin To Net: NetName=J2_TX Pin=P2-1
Added Pin To Net: NetName=J2_RX Pin=P2-2
Added Pin To Net: NetName=GND Pin=P2-3
Added Pin To Net: NetName=J3_RX Pin=P3-2
Added Pin To Net: NetName=GND Pin=P3-3
Added Pin To Net: NetName=5V Pin=P4-1
Added Pin To Net: NetName=GND Pin=P4-2
Added Pin To Net: NetName=IMU_HRS_A Pin=P4-3
Added Pin To Net: NetName=IMU_HRS_B Pin=P4-4
Added Pin To Net: NetName=NetD5_1 Pin=R1-1
Added Pin To Net: NetName=8V Pin=R1-2
Added Pin To Net: NetName=12V Pin=U1-1
Added Pin To Net: NetName=8V Pin=U1-2
Added Pin To Net: NetName=GND Pin=U1-3
Added Pin To Net: NetName=8V Pin=U2-1
Added Pin To Net: NetName=5V Pin=U2-2
Added Pin To Net: NetName=GND Pin=U2-3
Added Pin To Net: NetName=GND Pin=U3-1
Added Pin To Net: NetName=3.3V Pin=U3-2
Added Pin To Net: NetName=5V Pin=U3-3
Added Pin To Net: NetName=IMU_TX Pin=U4-1
Added Pin To Net: NetName=GND Pin=U4-2
Added Pin To Net: NetName=GND Pin=U4-3
Added Pin To Net: NetName=GND Pin=U4-4
Added Pin To Net: NetName=GND Pin=U4-5
Added Pin To Net: NetName=IMU_HRS_A Pin=U4-6
Added Pin To Net: NetName=IMU_HRS_B Pin=U4-7
Added Pin To Net: NetName=5V Pin=U4-8
Added Pin To Net: NetName=NetC11_2 Pin=U5-1
Added Pin To Net: NetName=NetC14_2 Pin=U5-2
Added Pin To Net: NetName=NetC11_1 Pin=U5-3
Added Pin To Net: NetName=NetC12_2 Pin=U5-4
Added Pin To Net: NetName=NetC12_1 Pin=U5-5
Added Pin To Net: NetName=NetC15_2 Pin=U5-6
Added Pin To Net: NetName=J2_TX Pin=U5-7
Added Pin To Net: NetName=J2_RX Pin=U5-8
Added Pin To Net: NetName=GPS_COM2_RX Pin=U5-9
Added Pin To Net: NetName=GPS_COM2_TX Pin=U5-10
Added Pin To Net: NetName=GPS_COM1_TX Pin=U5-11
Added Pin To Net: NetName=GPS_COM1_RX Pin=U5-12
Added Pin To Net: NetName=J1_RX Pin=U5-13
Added Pin To Net: NetName=J1_TX Pin=U5-14
Added Pin To Net: NetName=GND Pin=U5-15
Added Pin To Net: NetName=5V Pin=U5-16
Added Pin To Net: NetName=NetC16_1 Pin=U6-1
Added Pin To Net: NetName=NetC18_1 Pin=U6-2
Added Pin To Net: NetName=NetC16_2 Pin=U6-3
Added Pin To Net: NetName=NetC17_1 Pin=U6-4
Added Pin To Net: NetName=NetC17_2 Pin=U6-5
Added Pin To Net: NetName=NetC20_2 Pin=U6-6
Added Pin To Net: NetName=IMU_TX Pin=U6-11
Added Pin To Net: NetName=J3_RX Pin=U6-14
Added Pin To Net: NetName=GND Pin=U6-15
Added Pin To Net: NetName=5V Pin=U6-16
