Added Component: Designator=C1(VP32-3.2)
Added Component: Designator=C2(VP32-3.2)
Added Component: Designator=C3(VP32-3.2)
Added Component: Designator=C4(B)
Added Component: Designator=C5(B)
Added Component: Designator=C6(B)
Added Component: Designator=C11(VP32-3.2)
Added Component: Designator=C12(VP32-3.2)
Added Component: Designator=C13(VP32-3.2)
Added Component: Designator=C14(VP32-3.2)
Added Component: Designator=C15(VP32-3.2)
Added Component: Designator=C16(B)
Added Component: Designator=C17(B)
Added Component: Designator=C18(B)
Added Component: Designator=C19(B)
Added Component: Designator=C20(B)
Added Component: Designator=C21(VP32-3.2)
Added Component: Designator=D1(DO-41)
Added Component: Designator=D5(LED-0)
Added Component: Designator=J0(DC_POWER)
Added Component: Designator=J1(DSUB1.385-2H9)
Added Component: Designator=J2(DSUB1.385-2H9)
Added Component: Designator=J3(DSUB1.385-2H9)
Added Component: Designator=P1(HDR2X10)
Added Component: Designator=R1(AXIAL-0.3)
Added Component: Designator=U1(TO220ABN)
Added Component: Designator=U2(TO220ABN)
Added Component: Designator=U3(T03B)
Added Component: Designator=U4(P008)
Added Component: Designator=U7(PE16)
Added Component: Designator=U8(PE16A)
Added Pin To Net: NetName=3.3V Pin=C6-1
Added Pin To Net: NetName=3.3V Pin=U3-2
Added Net: Name=3.3V
Added Pin To Net: NetName=5V Pin=C3-1
Added Pin To Net: NetName=5V Pin=C5-1
Added Pin To Net: NetName=5V Pin=C13-2
Added Pin To Net: NetName=5V Pin=C19-1
Added Pin To Net: NetName=5V Pin=C21-2
Added Pin To Net: NetName=5V Pin=U2-2
Added Pin To Net: NetName=5V Pin=U3-3
Added Pin To Net: NetName=5V Pin=U4-8
Added Pin To Net: NetName=5V Pin=U7-16
Added Pin To Net: NetName=5V Pin=U8-16
Added Net: Name=5V
Added Pin To Net: NetName=8V Pin=C2-1
Added Pin To Net: NetName=8V Pin=C4-1
Added Pin To Net: NetName=8V Pin=R1-2
Added Pin To Net: NetName=8V Pin=U1-2
Added Pin To Net: NetName=8V Pin=U2-1
Added Net: Name=8V
Added Pin To Net: NetName=12V Pin=C1-1
Added Pin To Net: NetName=12V Pin=D1-2
Added Pin To Net: NetName=12V Pin=U1-1
Added Net: Name=12V
Added Pin To Net: NetName=GND Pin=C1-2
Added Pin To Net: NetName=GND Pin=C2-2
Added Pin To Net: NetName=GND Pin=C3-2
Added Pin To Net: NetName=GND Pin=C4-2
Added Pin To Net: NetName=GND Pin=C5-2
Added Pin To Net: NetName=GND Pin=C6-2
Added Pin To Net: NetName=GND Pin=C13-1
Added Pin To Net: NetName=GND Pin=C14-1
Added Pin To Net: NetName=GND Pin=C15-1
Added Pin To Net: NetName=GND Pin=C18-2
Added Pin To Net: NetName=GND Pin=C19-2
Added Pin To Net: NetName=GND Pin=C20-1
Added Pin To Net: NetName=GND Pin=C21-1
Added Pin To Net: NetName=GND Pin=D5-2
Added Pin To Net: NetName=GND Pin=J0-2
Added Pin To Net: NetName=GND Pin=J1-5
Added Pin To Net: NetName=GND Pin=J2-5
Added Pin To Net: NetName=GND Pin=J3-5
Added Pin To Net: NetName=GND Pin=U1-3
Added Pin To Net: NetName=GND Pin=U2-3
Added Pin To Net: NetName=GND Pin=U3-1
Added Pin To Net: NetName=GND Pin=U4-2
Added Pin To Net: NetName=GND Pin=U4-3
Added Pin To Net: NetName=GND Pin=U4-4
Added Pin To Net: NetName=GND Pin=U4-5
Added Pin To Net: NetName=GND Pin=U7-15
Added Pin To Net: NetName=GND Pin=U8-15
Added Net: Name=GND
Added Pin To Net: NetName=GPS_RX1 Pin=U7-12
Added Net: Name=GPS_RX1
Added Pin To Net: NetName=GPS_RX2 Pin=U7-9
Added Net: Name=GPS_RX2
Added Pin To Net: NetName=GPS_TX1 Pin=U7-11
Added Net: Name=GPS_TX1
Added Pin To Net: NetName=GPS_TX2 Pin=U7-10
Added Net: Name=GPS_TX2
Added Pin To Net: NetName=IMU_HRS_A Pin=U4-6
Added Net: Name=IMU_HRS_A
Added Pin To Net: NetName=IMU_HRS_B Pin=U4-7
Added Net: Name=IMU_HRS_B
Added Pin To Net: NetName=IMU_TX Pin=U4-1
Added Pin To Net: NetName=IMU_TX Pin=U8-11
Added Net: Name=IMU_TX
Added Pin To Net: NetName=J1_RX Pin=J1-3
Added Pin To Net: NetName=J1_RX Pin=U7-13
Added Net: Name=J1_RX
Added Pin To Net: NetName=J1_TX Pin=J1-2
Added Pin To Net: NetName=J1_TX Pin=U7-14
Added Net: Name=J1_TX
Added Pin To Net: NetName=J2_RX Pin=J2-3
Added Pin To Net: NetName=J2_RX Pin=U7-8
Added Net: Name=J2_RX
Added Pin To Net: NetName=J2_TX Pin=J2-2
Added Pin To Net: NetName=J2_TX Pin=U7-7
Added Net: Name=J2_TX
Added Pin To Net: NetName=J3_RX Pin=J3-2
Added Pin To Net: NetName=J3_RX Pin=U8-14
Added Net: Name=J3_RX
Added Pin To Net: NetName=NetC11_1 Pin=C11-1
Added Pin To Net: NetName=NetC11_1 Pin=U7-3
Added Net: Name=NetC11_1
Added Pin To Net: NetName=NetC11_2 Pin=C11-2
Added Pin To Net: NetName=NetC11_2 Pin=U7-1
Added Net: Name=NetC11_2
Added Pin To Net: NetName=NetC12_1 Pin=C12-1
Added Pin To Net: NetName=NetC12_1 Pin=U7-5
Added Net: Name=NetC12_1
Added Pin To Net: NetName=NetC12_2 Pin=C12-2
Added Pin To Net: NetName=NetC12_2 Pin=U7-4
Added Net: Name=NetC12_2
Added Pin To Net: NetName=NetC14_2 Pin=C14-2
Added Pin To Net: NetName=NetC14_2 Pin=U7-2
Added Net: Name=NetC14_2
Added Pin To Net: NetName=NetC15_2 Pin=C15-2
Added Pin To Net: NetName=NetC15_2 Pin=U7-6
Added Net: Name=NetC15_2
Added Pin To Net: NetName=NetC16_1 Pin=C16-1
Added Pin To Net: NetName=NetC16_1 Pin=U8-1
Added Net: Name=NetC16_1
Added Pin To Net: NetName=NetC16_2 Pin=C16-2
Added Pin To Net: NetName=NetC16_2 Pin=U8-3
Added Net: Name=NetC16_2
Added Pin To Net: NetName=NetC17_1 Pin=C17-1
Added Pin To Net: NetName=NetC17_1 Pin=U8-4
Added Net: Name=NetC17_1
Added Pin To Net: NetName=NetC17_2 Pin=C17-2
Added Pin To Net: NetName=NetC17_2 Pin=U8-5
Added Net: Name=NetC17_2
Added Pin To Net: NetName=NetC18_1 Pin=C18-1
Added Pin To Net: NetName=NetC18_1 Pin=U8-2
Added Net: Name=NetC18_1
Added Pin To Net: NetName=NetC20_2 Pin=C20-2
Added Pin To Net: NetName=NetC20_2 Pin=U8-6
Added Net: Name=NetC20_2
Added Pin To Net: NetName=NetD1_1 Pin=D1-1
Added Pin To Net: NetName=NetD1_1 Pin=J0-1
Added Net: Name=NetD1_1
Added Pin To Net: NetName=NetD5_1 Pin=D5-1
Added Pin To Net: NetName=NetD5_1 Pin=R1-1
Added Net: Name=NetD5_1
Added Pin To Net: NetName=NetJ0_3 Pin=J0-3
Added Net: Name=NetJ0_3
Added Class: Name=schematic
Added Room: Name=schematic
